<?xml version="1.0" encoding="UTF-8"?>
<!-- Generated by org.testng.reporters.JUnitReportReporter -->
<testsuite hostname="Daniel-T420s" name="idv.hsiehpinghan.database.configuration.implement.DataSourceConfigurationImplement_Test" tests="2" failures="0" timestamp="3 Dec 2013 07:10:27 GMT" time="0.891" errors="0">
  <testcase name="setEnvironment_Environment" time="0.001" classname="idv.hsiehpinghan.database.configuration.implement.DataSourceConfigurationImplement_Test"/>
  <testcase name="dataSource" time="0.890" classname="idv.hsiehpinghan.database.configuration.implement.DataSourceConfigurationImplement_Test"/>
</testsuite> <!-- idv.hsiehpinghan.database.configuration.implement.DataSourceConfigurationImplement_Test -->
