<?xml version="1.0" encoding="UTF-8"?>
<!-- Generated by org.testng.reporters.JUnitReportReporter -->
<testsuite hostname="Daniel-T420s" name="idv.hsiehpinghan.database.configuration.implement.DataSourceConfigurationImplementTest" tests="2" failures="0" timestamp="30 Nov 2013 08:12:42 GMT" time="0.010" errors="0">
  <testcase name="setEnvironmentTest" time="0.002" classname="idv.hsiehpinghan.database.configuration.implement.DataSourceConfigurationImplementTest"/>
  <testcase name="dataSourceTest" time="0.008" classname="idv.hsiehpinghan.database.configuration.implement.DataSourceConfigurationImplementTest"/>
</testsuite> <!-- idv.hsiehpinghan.database.configuration.implement.DataSourceConfigurationImplementTest -->
